This file contains any messages produced by compilers while
running configure, to aid debugging if configure makes a mistake.

It was created by referee configure 0.1.0, which was
generated by GNU Autoconf 2.71.  Invocation command line was

  $ ./configure

## --------- ##
## Platform. ##
## --------- ##

hostname = skamander
uname -m = x86_64
uname -r = 6.1.0-18-amd64
uname -s = Linux
uname -v = #1 SMP PREEMPT_DYNAMIC Debian 6.1.76-1 (2024-02-01)

/usr/bin/uname -p = unknown
/bin/uname -X     = unknown

/bin/arch              = x86_64
/usr/bin/arch -k       = unknown
/usr/convex/getsysinfo = unknown
/usr/bin/hostinfo      = unknown
/bin/machine           = unknown
/usr/bin/oslevel       = unknown
/bin/universe          = unknown

PATH: /opt/swift/usr/bin/
PATH: /usr/local/bin/
PATH: /usr/bin/
PATH: /bin/
PATH: /usr/local/games/
PATH: /usr/games/


## ----------- ##
## Core tests. ##
## ----------- ##

configure:2735: looking for aux files: compile config.guess config.sub ltmain.sh missing install-sh
configure:2748:  trying ./
configure:2777:   ./compile found
configure:2777:   ./config.guess found
configure:2777:   ./config.sub found
configure:2777:   ./ltmain.sh found
configure:2777:   ./missing found
configure:2759:   ./install-sh found
configure:2906: checking for a BSD-compatible install
configure:2979: result: /usr/bin/install -c
configure:2990: checking whether build environment is sane
configure:3045: result: yes
configure:3204: checking for a race-free mkdir -p
configure:3248: result: /usr/bin/mkdir -p
configure:3255: checking for gawk
configure:3290: result: no
configure:3255: checking for mawk
configure:3276: found /usr/bin/mawk
configure:3287: result: mawk
configure:3298: checking whether make sets $(MAKE)
configure:3321: result: yes
configure:3351: checking whether make supports nested variables
configure:3369: result: yes
configure:3578: checking for g++
configure:3599: found /usr/bin/g++
configure:3610: result: g++
configure:3637: checking for C++ compiler version
configure:3646: g++ --version >&5
g++ (Debian 12.2.0-14+deb12u1) 12.2.0
Copyright (C) 2022 Free Software Foundation, Inc.
This is free software; see the source for copying conditions.  There is NO
warranty; not even for MERCHANTABILITY or FITNESS FOR A PARTICULAR PURPOSE.

configure:3657: $? = 0
configure:3646: g++ -v >&5
Using built-in specs.
COLLECT_GCC=g++
COLLECT_LTO_WRAPPER=/usr/lib/gcc/x86_64-linux-gnu/12/lto-wrapper
OFFLOAD_TARGET_NAMES=nvptx-none:amdgcn-amdhsa
OFFLOAD_TARGET_DEFAULT=1
Target: x86_64-linux-gnu
Configured with: ../src/configure -v --with-pkgversion='Debian 12.2.0-14+deb12u1' --with-bugurl=file:///usr/share/doc/gcc-12/README.Bugs --enable-languages=c,ada,c++,go,d,fortran,objc,obj-c++,m2 --prefix=/usr --with-gcc-major-version-only --program-suffix=-12 --program-prefix=x86_64-linux-gnu- --enable-shared --enable-linker-build-id --libexecdir=/usr/lib --without-included-gettext --enable-threads=posix --libdir=/usr/lib --enable-nls --enable-clocale=gnu --enable-libstdcxx-debug --enable-libstdcxx-time=yes --with-default-libstdcxx-abi=new --enable-gnu-unique-object --disable-vtable-verify --enable-plugin --enable-default-pie --with-system-zlib --enable-libphobos-checking=release --with-target-system-zlib=auto --enable-objc-gc=auto --enable-multiarch --disable-werror --enable-cet --with-arch-32=i686 --with-abi=m64 --with-multilib-list=m32,m64,mx32 --enable-multilib --with-tune=generic --enable-offload-targets=nvptx-none=/build/reproducible-path/gcc-12-12.2.0/debian/tmp-nvptx/usr,amdgcn-amdhsa=/build/reproducible-path/gcc-12-12.2.0/debian/tmp-gcn/usr --enable-offload-defaulted --without-cuda-driver --enable-checking=release --build=x86_64-linux-gnu --host=x86_64-linux-gnu --target=x86_64-linux-gnu
Thread model: posix
Supported LTO compression algorithms: zlib zstd
gcc version 12.2.0 (Debian 12.2.0-14+deb12u1) 
... rest of stderr output deleted ...
configure:3657: $? = 0
configure:3646: g++ -V >&5
g++: error: unrecognized command-line option '-V'
g++: fatal error: no input files
compilation terminated.
configure:3657: $? = 1
configure:3646: g++ -qversion >&5
g++: error: unrecognized command-line option '-qversion'; did you mean '--version'?
g++: fatal error: no input files
compilation terminated.
configure:3657: $? = 1
configure:3677: checking whether the C++ compiler works
configure:3699: g++    conftest.cpp  >&5
configure:3703: $? = 0
configure:3753: result: yes
configure:3756: checking for C++ compiler default output file name
configure:3758: result: a.out
configure:3764: checking for suffix of executables
configure:3771: g++ -o conftest    conftest.cpp  >&5
configure:3775: $? = 0
configure:3798: result: 
configure:3820: checking whether we are cross compiling
configure:3828: g++ -o conftest    conftest.cpp  >&5
configure:3832: $? = 0
configure:3839: ./conftest
configure:3843: $? = 0
configure:3858: result: no
configure:3863: checking for suffix of object files
configure:3886: g++ -c   conftest.cpp >&5
configure:3890: $? = 0
configure:3912: result: o
configure:3916: checking whether the compiler supports GNU C++
configure:3936: g++ -c   conftest.cpp >&5
configure:3936: $? = 0
configure:3946: result: yes
configure:3957: checking whether g++ accepts -g
configure:3978: g++ -c -g  conftest.cpp >&5
configure:3978: $? = 0
configure:4022: result: yes
configure:4042: checking for g++ option to enable C++11 features
configure:4057: g++  -c -g -O2  conftest.cpp >&5
conftest.cpp: In function 'int main(int, char**)':
conftest.cpp:177:25: warning: empty parentheses were disambiguated as a function declaration [-Wvexing-parse]
  177 |   cxx11test::delegate d2();
      |                         ^~
conftest.cpp:177:25: note: remove parentheses to default-initialize a variable
  177 |   cxx11test::delegate d2();
      |                         ^~
      |                         --
conftest.cpp:177:25: note: or replace parentheses with braces to value-initialize a variable
configure:4057: $? = 0
configure:4075: result: none needed
configure:4142: checking whether make supports the include directive
configure:4157: make -f confmf.GNU && cat confinc.out
this is the am__doit target
configure:4160: $? = 0
configure:4179: result: yes (GNU style)
configure:4205: checking dependency style of g++
configure:4317: result: gcc3
configure:4364: checking build system type
configure:4379: result: x86_64-pc-linux-gnu
configure:4399: checking host system type
configure:4413: result: x86_64-pc-linux-gnu
configure:4454: checking how to print strings
configure:4481: result: printf
configure:4564: checking for gcc
configure:4585: found /usr/bin/gcc
configure:4596: result: gcc
configure:4949: checking for C compiler version
configure:4958: gcc --version >&5
gcc (Debian 12.2.0-14+deb12u1) 12.2.0
Copyright (C) 2022 Free Software Foundation, Inc.
This is free software; see the source for copying conditions.  There is NO
warranty; not even for MERCHANTABILITY or FITNESS FOR A PARTICULAR PURPOSE.

configure:4969: $? = 0
configure:4958: gcc -v >&5
Using built-in specs.
COLLECT_GCC=gcc
COLLECT_LTO_WRAPPER=/usr/lib/gcc/x86_64-linux-gnu/12/lto-wrapper
OFFLOAD_TARGET_NAMES=nvptx-none:amdgcn-amdhsa
OFFLOAD_TARGET_DEFAULT=1
Target: x86_64-linux-gnu
Configured with: ../src/configure -v --with-pkgversion='Debian 12.2.0-14+deb12u1' --with-bugurl=file:///usr/share/doc/gcc-12/README.Bugs --enable-languages=c,ada,c++,go,d,fortran,objc,obj-c++,m2 --prefix=/usr --with-gcc-major-version-only --program-suffix=-12 --program-prefix=x86_64-linux-gnu- --enable-shared --enable-linker-build-id --libexecdir=/usr/lib --without-included-gettext --enable-threads=posix --libdir=/usr/lib --enable-nls --enable-clocale=gnu --enable-libstdcxx-debug --enable-libstdcxx-time=yes --with-default-libstdcxx-abi=new --enable-gnu-unique-object --disable-vtable-verify --enable-plugin --enable-default-pie --with-system-zlib --enable-libphobos-checking=release --with-target-system-zlib=auto --enable-objc-gc=auto --enable-multiarch --disable-werror --enable-cet --with-arch-32=i686 --with-abi=m64 --with-multilib-list=m32,m64,mx32 --enable-multilib --with-tune=generic --enable-offload-targets=nvptx-none=/build/reproducible-path/gcc-12-12.2.0/debian/tmp-nvptx/usr,amdgcn-amdhsa=/build/reproducible-path/gcc-12-12.2.0/debian/tmp-gcn/usr --enable-offload-defaulted --without-cuda-driver --enable-checking=release --build=x86_64-linux-gnu --host=x86_64-linux-gnu --target=x86_64-linux-gnu
Thread model: posix
Supported LTO compression algorithms: zlib zstd
gcc version 12.2.0 (Debian 12.2.0-14+deb12u1) 
... rest of stderr output deleted ...
configure:4969: $? = 0
configure:4958: gcc -V >&5
gcc: error: unrecognized command-line option '-V'
gcc: fatal error: no input files
compilation terminated.
configure:4969: $? = 1
configure:4958: gcc -qversion >&5
gcc: error: unrecognized command-line option '-qversion'; did you mean '--version'?
gcc: fatal error: no input files
compilation terminated.
configure:4969: $? = 1
configure:4958: gcc -version >&5
gcc: error: unrecognized command-line option '-version'
gcc: fatal error: no input files
compilation terminated.
configure:4969: $? = 1
configure:4973: checking whether the compiler supports GNU C
configure:4993: gcc -c   conftest.c >&5
configure:4993: $? = 0
configure:5003: result: yes
configure:5014: checking whether gcc accepts -g
configure:5035: gcc -c -g  conftest.c >&5
configure:5035: $? = 0
configure:5079: result: yes
configure:5099: checking for gcc option to enable C11 features
configure:5114: gcc  -c -g -O2  conftest.c >&5
configure:5114: $? = 0
configure:5132: result: none needed
configure:5248: checking whether gcc understands -c and -o together
configure:5271: gcc -c conftest.c -o conftest2.o
configure:5274: $? = 0
configure:5271: gcc -c conftest.c -o conftest2.o
configure:5274: $? = 0
configure:5286: result: yes
configure:5305: checking dependency style of gcc
configure:5417: result: gcc3
configure:5432: checking for a sed that does not truncate output
configure:5502: result: /usr/bin/sed
configure:5520: checking for grep that handles long lines and -e
configure:5584: result: /usr/bin/grep
configure:5589: checking for egrep
configure:5657: result: /usr/bin/grep -E
configure:5662: checking for fgrep
configure:5730: result: /usr/bin/grep -F
configure:5766: checking for ld used by gcc
configure:5834: result: /usr/bin/ld
configure:5841: checking if the linker (/usr/bin/ld) is GNU ld
configure:5857: result: yes
configure:5869: checking for BSD- or MS-compatible name lister (nm)
configure:5924: result: /usr/bin/nm -B
configure:6064: checking the name lister (/usr/bin/nm -B) interface
configure:6072: gcc -c -g -O2  conftest.c >&5
configure:6075: /usr/bin/nm -B "conftest.o"
configure:6078: output
0000000000000000 B some_variable
configure:6085: result: BSD nm
configure:6088: checking whether ln -s works
configure:6092: result: yes
configure:6100: checking the maximum length of command line arguments
configure:6232: result: 1572864
configure:6280: checking how to convert x86_64-pc-linux-gnu file names to x86_64-pc-linux-gnu format
configure:6321: result: func_convert_file_noop
configure:6328: checking how to convert x86_64-pc-linux-gnu file names to toolchain format
configure:6349: result: func_convert_file_noop
configure:6356: checking for /usr/bin/ld option to reload object files
configure:6364: result: -r
configure:6443: checking for file
configure:6464: found /usr/bin/file
configure:6475: result: file
configure:6551: checking for objdump
configure:6572: found /usr/bin/objdump
configure:6583: result: objdump
configure:6615: checking how to recognize dependent libraries
configure:6816: result: pass_all
configure:6906: checking for dlltool
configure:6941: result: no
configure:6971: checking how to associate runtime and link libraries
configure:6999: result: printf %s\n
configure:7065: checking for ar
configure:7086: found /usr/bin/ar
configure:7097: result: ar
configure:7150: checking for archiver @FILE support
configure:7168: gcc -c -g -O2  conftest.c >&5
configure:7168: $? = 0
configure:7172: ar cr libconftest.a @conftest.lst >&5
configure:7175: $? = 0
configure:7180: ar cr libconftest.a @conftest.lst >&5
ar: conftest.o: No such file or directory
configure:7183: $? = 1
configure:7195: result: @
configure:7258: checking for strip
configure:7279: found /usr/bin/strip
configure:7290: result: strip
configure:7367: checking for ranlib
configure:7388: found /usr/bin/ranlib
configure:7399: result: ranlib
configure:7501: checking command to parse /usr/bin/nm -B output from gcc object
configure:7655: gcc -c -g -O2  conftest.c >&5
configure:7658: $? = 0
configure:7662: /usr/bin/nm -B conftest.o | /usr/bin/sed -n -e 's/^.*[	 ]\([ABCDGIRSTW][ABCDGIRSTW]*\)[	 ][	 ]*\([_A-Za-z][_A-Za-z0-9]*\)$/\1 \2 \2/p' | /usr/bin/sed '/ __gnu_lto/d' > conftest.nm
configure:7728: gcc -o conftest -g -O2   conftest.c conftstm.o >&5
configure:7731: $? = 0
configure:7769: result: ok
configure:7816: checking for sysroot
configure:7847: result: no
configure:7854: checking for a working dd
configure:7898: result: /usr/bin/dd
configure:7902: checking how to truncate binary pipes
configure:7918: result: /usr/bin/dd bs=4096 count=1
configure:8055: gcc -c -g -O2  conftest.c >&5
configure:8058: $? = 0
configure:8255: checking for mt
configure:8276: found /usr/bin/mt
configure:8287: result: mt
configure:8310: checking if mt is a manifest tool
configure:8317: mt '-?'
configure:8325: result: no
configure:9050: checking for stdio.h
configure:9050: gcc -c -g -O2  conftest.c >&5
configure:9050: $? = 0
configure:9050: result: yes
configure:9050: checking for stdlib.h
configure:9050: gcc -c -g -O2  conftest.c >&5
configure:9050: $? = 0
configure:9050: result: yes
configure:9050: checking for string.h
configure:9050: gcc -c -g -O2  conftest.c >&5
configure:9050: $? = 0
configure:9050: result: yes
configure:9050: checking for inttypes.h
configure:9050: gcc -c -g -O2  conftest.c >&5
configure:9050: $? = 0
configure:9050: result: yes
configure:9050: checking for stdint.h
configure:9050: gcc -c -g -O2  conftest.c >&5
configure:9050: $? = 0
configure:9050: result: yes
configure:9050: checking for strings.h
configure:9050: gcc -c -g -O2  conftest.c >&5
configure:9050: $? = 0
configure:9050: result: yes
configure:9050: checking for sys/stat.h
configure:9050: gcc -c -g -O2  conftest.c >&5
configure:9050: $? = 0
configure:9050: result: yes
configure:9050: checking for sys/types.h
configure:9050: gcc -c -g -O2  conftest.c >&5
configure:9050: $? = 0
configure:9050: result: yes
configure:9050: checking for unistd.h
configure:9050: gcc -c -g -O2  conftest.c >&5
configure:9050: $? = 0
configure:9050: result: yes
configure:9075: checking for dlfcn.h
configure:9075: gcc -c -g -O2  conftest.c >&5
configure:9075: $? = 0
configure:9075: result: yes
configure:9345: checking for objdir
configure:9361: result: .libs
configure:9625: checking if gcc supports -fno-rtti -fno-exceptions
configure:9644: gcc -c -g -O2  -fno-rtti -fno-exceptions conftest.c >&5
cc1: warning: command-line option '-fno-rtti' is valid for C++/D/ObjC++ but not for C
configure:9648: $? = 0
configure:9661: result: no
configure:10025: checking for gcc option to produce PIC
configure:10033: result: -fPIC -DPIC
configure:10041: checking if gcc PIC flag -fPIC -DPIC works
configure:10060: gcc -c -g -O2  -fPIC -DPIC -DPIC conftest.c >&5
configure:10064: $? = 0
configure:10077: result: yes
configure:10106: checking if gcc static flag -static works
configure:10135: result: yes
configure:10150: checking if gcc supports -c -o file.o
configure:10172: gcc -c -g -O2  -o out/conftest2.o conftest.c >&5
configure:10176: $? = 0
configure:10198: result: yes
configure:10206: checking if gcc supports -c -o file.o
configure:10254: result: yes
configure:10287: checking whether the gcc linker (/usr/bin/ld -m elf_x86_64) supports shared libraries
configure:11561: result: yes
configure:11598: checking whether -lc should be explicitly linked in
configure:11607: gcc -c -g -O2  conftest.c >&5
configure:11610: $? = 0
configure:11625: gcc -shared  -fPIC -DPIC conftest.o  -v -Wl,-soname -Wl,conftest -o conftest 2\>\&1 \| /usr/bin/grep  -lc  \>/dev/null 2\>\&1
configure:11628: $? = 0
configure:11642: result: no
configure:11802: checking dynamic linker characteristics
configure:12384: gcc -o conftest -g -O2   -Wl,-rpath -Wl,/foo conftest.c  >&5
configure:12384: $? = 0
configure:12635: result: GNU/Linux ld.so
configure:12757: checking how to hardcode library paths into programs
configure:12782: result: immediate
configure:13334: checking whether stripping libraries is possible
configure:13343: result: yes
configure:13385: checking if libtool supports shared libraries
configure:13387: result: yes
configure:13390: checking whether to build shared libraries
configure:13415: result: yes
configure:13418: checking whether to build static libraries
configure:13422: result: yes
configure:13445: checking how to run the C++ preprocessor
configure:13467: g++ -E  conftest.cpp
configure:13467: $? = 0
configure:13482: g++ -E  conftest.cpp
conftest.cpp:23:10: fatal error: ac_nonexistent.h: No such file or directory
   23 | #include <ac_nonexistent.h>
      |          ^~~~~~~~~~~~~~~~~~
compilation terminated.
configure:13482: $? = 1
configure: failed program was:
| /* confdefs.h */
| #define PACKAGE_NAME "referee"
| #define PACKAGE_TARNAME "referee"
| #define PACKAGE_VERSION "0.1.0"
| #define PACKAGE_STRING "referee 0.1.0"
| #define PACKAGE_BUGREPORT "you@example.com"
| #define PACKAGE_URL ""
| #define PACKAGE "referee"
| #define VERSION "0.1.0"
| #define HAVE_STDIO_H 1
| #define HAVE_STDLIB_H 1
| #define HAVE_STRING_H 1
| #define HAVE_INTTYPES_H 1
| #define HAVE_STDINT_H 1
| #define HAVE_STRINGS_H 1
| #define HAVE_SYS_STAT_H 1
| #define HAVE_SYS_TYPES_H 1
| #define HAVE_UNISTD_H 1
| #define STDC_HEADERS 1
| #define HAVE_DLFCN_H 1
| #define LT_OBJDIR ".libs/"
| /* end confdefs.h.  */
| #include <ac_nonexistent.h>
configure:13509: result: g++ -E
configure:13523: g++ -E  conftest.cpp
configure:13523: $? = 0
configure:13538: g++ -E  conftest.cpp
conftest.cpp:23:10: fatal error: ac_nonexistent.h: No such file or directory
   23 | #include <ac_nonexistent.h>
      |          ^~~~~~~~~~~~~~~~~~
compilation terminated.
configure:13538: $? = 1
configure: failed program was:
| /* confdefs.h */
| #define PACKAGE_NAME "referee"
| #define PACKAGE_TARNAME "referee"
| #define PACKAGE_VERSION "0.1.0"
| #define PACKAGE_STRING "referee 0.1.0"
| #define PACKAGE_BUGREPORT "you@example.com"
| #define PACKAGE_URL ""
| #define PACKAGE "referee"
| #define VERSION "0.1.0"
| #define HAVE_STDIO_H 1
| #define HAVE_STDLIB_H 1
| #define HAVE_STRING_H 1
| #define HAVE_INTTYPES_H 1
| #define HAVE_STDINT_H 1
| #define HAVE_STRINGS_H 1
| #define HAVE_SYS_STAT_H 1
| #define HAVE_SYS_TYPES_H 1
| #define HAVE_UNISTD_H 1
| #define STDC_HEADERS 1
| #define HAVE_DLFCN_H 1
| #define LT_OBJDIR ".libs/"
| /* end confdefs.h.  */
| #include <ac_nonexistent.h>
configure:13703: checking for ld used by g++
configure:13771: result: /usr/bin/ld -m elf_x86_64
configure:13778: checking if the linker (/usr/bin/ld -m elf_x86_64) is GNU ld
configure:13794: result: yes
configure:13849: checking whether the g++ linker (/usr/bin/ld -m elf_x86_64) supports shared libraries
configure:14927: result: yes
configure:14963: g++ -c -g -O2  conftest.cpp >&5
configure:14966: $? = 0
configure:15447: checking for g++ option to produce PIC
configure:15455: result: -fPIC -DPIC
configure:15463: checking if g++ PIC flag -fPIC -DPIC works
configure:15482: g++ -c -g -O2  -fPIC -DPIC -DPIC conftest.cpp >&5
configure:15486: $? = 0
configure:15499: result: yes
configure:15522: checking if g++ static flag -static works
configure:15551: result: yes
configure:15563: checking if g++ supports -c -o file.o
configure:15585: g++ -c -g -O2  -o out/conftest2.o conftest.cpp >&5
configure:15589: $? = 0
configure:15611: result: yes
configure:15616: checking if g++ supports -c -o file.o
configure:15664: result: yes
configure:15694: checking whether the g++ linker (/usr/bin/ld -m elf_x86_64) supports shared libraries
configure:15737: result: yes
configure:15879: checking dynamic linker characteristics
configure:16639: result: GNU/Linux ld.so
configure:16704: checking how to hardcode library paths into programs
configure:16729: result: immediate
configure:16849: checking for pkg-config
configure:16872: found /usr/bin/pkg-config
configure:16884: result: /usr/bin/pkg-config
configure:16909: checking pkg-config is at least version 0.9.0
configure:16912: result: yes
configure:16938: checking whether g++ supports C++20 features with -std=c++20
configure:17765: g++ -std=c++20 -c -g -O2  conftest.cpp >&5
conftest.cpp:122:36: warning: 'volatile'-qualified parameter is deprecated [-Wvolatile]
  122 |     test(const int c, volatile int v)
      |                       ~~~~~~~~~~~~~^
configure:17765: $? = 0
configure:17775: result: yes
configure:17818: checking for sqlite3
configure:17825: $PKG_CONFIG --exists --print-errors "sqlite3"
configure:17828: $? = 0
configure:17842: $PKG_CONFIG --exists --print-errors "sqlite3"
configure:17845: $? = 0
configure:17903: result: yes
configure:17911: checking for check
configure:17918: $PKG_CONFIG --exists --print-errors "check"
configure:17921: $? = 0
configure:17935: $PKG_CONFIG --exists --print-errors "check"
configure:17938: $? = 0
configure:17996: result: yes
configure:18104: checking that generated files are newer than configure
configure:18110: result: done
configure:18137: creating ./config.status

## ---------------------- ##
## Running config.status. ##
## ---------------------- ##

This file was extended by referee config.status 0.1.0, which was
generated by GNU Autoconf 2.71.  Invocation command line was

  CONFIG_FILES    = 
  CONFIG_HEADERS  = 
  CONFIG_LINKS    = 
  CONFIG_COMMANDS = 
  $ ./config.status 

on skamander

config.status:1156: creating Makefile
config.status:1156: creating src/Makefile
config.status:1156: creating tests/Makefile
config.status:1156: creating config.h
config.status:1337: config.h is unchanged
config.status:1385: executing depfiles commands
config.status:1462: cd src       && sed -e '/# am--include-marker/d' Makefile         | make -f - am--depfiles
make: Nothing to be done for 'am--depfiles'.
config.status:1467: $? = 0
config.status:1462: cd tests       && sed -e '/# am--include-marker/d' Makefile         | make -f - am--depfiles
make: Nothing to be done for 'am--depfiles'.
config.status:1467: $? = 0
config.status:1385: executing libtool commands

## ---------------- ##
## Cache variables. ##
## ---------------- ##

ac_cv_build=x86_64-pc-linux-gnu
ac_cv_c_compiler_gnu=yes
ac_cv_cxx_compiler_gnu=yes
ac_cv_env_CCC_set=
ac_cv_env_CCC_value=
ac_cv_env_CC_set=
ac_cv_env_CC_value=
ac_cv_env_CFLAGS_set=
ac_cv_env_CFLAGS_value=
ac_cv_env_CHECK_CFLAGS_set=
ac_cv_env_CHECK_CFLAGS_value=
ac_cv_env_CHECK_LIBS_set=
ac_cv_env_CHECK_LIBS_value=
ac_cv_env_CPPFLAGS_set=
ac_cv_env_CPPFLAGS_value=
ac_cv_env_CXXCPP_set=
ac_cv_env_CXXCPP_value=
ac_cv_env_CXXFLAGS_set=
ac_cv_env_CXXFLAGS_value=
ac_cv_env_CXX_set=
ac_cv_env_CXX_value=
ac_cv_env_LDFLAGS_set=
ac_cv_env_LDFLAGS_value=
ac_cv_env_LIBS_set=
ac_cv_env_LIBS_value=
ac_cv_env_LT_SYS_LIBRARY_PATH_set=
ac_cv_env_LT_SYS_LIBRARY_PATH_value=
ac_cv_env_PKG_CONFIG_LIBDIR_set=
ac_cv_env_PKG_CONFIG_LIBDIR_value=
ac_cv_env_PKG_CONFIG_PATH_set=
ac_cv_env_PKG_CONFIG_PATH_value=
ac_cv_env_PKG_CONFIG_set=
ac_cv_env_PKG_CONFIG_value=
ac_cv_env_SQLITE_CFLAGS_set=
ac_cv_env_SQLITE_CFLAGS_value=
ac_cv_env_SQLITE_LIBS_set=
ac_cv_env_SQLITE_LIBS_value=
ac_cv_env_build_alias_set=
ac_cv_env_build_alias_value=
ac_cv_env_host_alias_set=
ac_cv_env_host_alias_value=
ac_cv_env_target_alias_set=
ac_cv_env_target_alias_value=
ac_cv_header_dlfcn_h=yes
ac_cv_header_inttypes_h=yes
ac_cv_header_stdint_h=yes
ac_cv_header_stdio_h=yes
ac_cv_header_stdlib_h=yes
ac_cv_header_string_h=yes
ac_cv_header_strings_h=yes
ac_cv_header_sys_stat_h=yes
ac_cv_header_sys_types_h=yes
ac_cv_header_unistd_h=yes
ac_cv_host=x86_64-pc-linux-gnu
ac_cv_objext=o
ac_cv_path_EGREP='/usr/bin/grep -E'
ac_cv_path_FGREP='/usr/bin/grep -F'
ac_cv_path_GREP=/usr/bin/grep
ac_cv_path_SED=/usr/bin/sed
ac_cv_path_ac_pt_PKG_CONFIG=/usr/bin/pkg-config
ac_cv_path_install='/usr/bin/install -c'
ac_cv_path_lt_DD=/usr/bin/dd
ac_cv_path_mkdir=/usr/bin/mkdir
ac_cv_prog_AWK=mawk
ac_cv_prog_CXXCPP='g++ -E'
ac_cv_prog_ac_ct_AR=ar
ac_cv_prog_ac_ct_CC=gcc
ac_cv_prog_ac_ct_CXX=g++
ac_cv_prog_ac_ct_FILECMD=file
ac_cv_prog_ac_ct_MANIFEST_TOOL=mt
ac_cv_prog_ac_ct_OBJDUMP=objdump
ac_cv_prog_ac_ct_RANLIB=ranlib
ac_cv_prog_ac_ct_STRIP=strip
ac_cv_prog_cc_c11=
ac_cv_prog_cc_g=yes
ac_cv_prog_cc_stdc=
ac_cv_prog_cxx_cxx11=
ac_cv_prog_cxx_g=yes
ac_cv_prog_cxx_stdcxx=
ac_cv_prog_make_make_set=yes
am_cv_CC_dependencies_compiler_type=gcc3
am_cv_CXX_dependencies_compiler_type=gcc3
am_cv_make_support_nested_variables=yes
am_cv_prog_cc_c_o=yes
ax_cv_cxx_compile_cxx20__std_cpp20=yes
lt_cv_ar_at_file=@
lt_cv_archive_cmds_need_lc=no
lt_cv_deplibs_check_method=pass_all
lt_cv_file_magic_cmd='$MAGIC_CMD'
lt_cv_file_magic_test_file=
lt_cv_ld_reload_flag=-r
lt_cv_nm_interface='BSD nm'
lt_cv_objdir=.libs
lt_cv_path_LD=/usr/bin/ld
lt_cv_path_LDCXX='/usr/bin/ld -m elf_x86_64'
lt_cv_path_NM='/usr/bin/nm -B'
lt_cv_path_mainfest_tool=no
lt_cv_prog_compiler_c_o=yes
lt_cv_prog_compiler_c_o_CXX=yes
lt_cv_prog_compiler_pic='-fPIC -DPIC'
lt_cv_prog_compiler_pic_CXX='-fPIC -DPIC'
lt_cv_prog_compiler_pic_works=yes
lt_cv_prog_compiler_pic_works_CXX=yes
lt_cv_prog_compiler_rtti_exceptions=no
lt_cv_prog_compiler_static_works=yes
lt_cv_prog_compiler_static_works_CXX=yes
lt_cv_prog_gnu_ld=yes
lt_cv_prog_gnu_ldcxx=yes
lt_cv_sharedlib_from_linklib_cmd='printf %s\n'
lt_cv_shlibpath_overrides_runpath=yes
lt_cv_sys_global_symbol_pipe='/usr/bin/sed -n -e '\''s/^.*[	 ]\([ABCDGIRSTW][ABCDGIRSTW]*\)[	 ][	 ]*\([_A-Za-z][_A-Za-z0-9]*\)$/\1 \2 \2/p'\'' | /usr/bin/sed '\''/ __gnu_lto/d'\'''
lt_cv_sys_global_symbol_to_c_name_address='/usr/bin/sed -n -e '\''s/^: \(.*\) .*$/  {"\1", (void *) 0},/p'\'' -e '\''s/^[ABCDGIRSTW][ABCDGIRSTW]* .* \(.*\)$/  {"\1", (void *) \&\1},/p'\'''
lt_cv_sys_global_symbol_to_c_name_address_lib_prefix='/usr/bin/sed -n -e '\''s/^: \(.*\) .*$/  {"\1", (void *) 0},/p'\'' -e '\''s/^[ABCDGIRSTW][ABCDGIRSTW]* .* \(lib.*\)$/  {"\1", (void *) \&\1},/p'\'' -e '\''s/^[ABCDGIRSTW][ABCDGIRSTW]* .* \(.*\)$/  {"lib\1", (void *) \&\1},/p'\'''
lt_cv_sys_global_symbol_to_cdecl='/usr/bin/sed -n -e '\''s/^T .* \(.*\)$/extern int \1();/p'\'' -e '\''s/^[ABCDGIRSTW][ABCDGIRSTW]* .* \(.*\)$/extern char \1;/p'\'''
lt_cv_sys_global_symbol_to_import=
lt_cv_sys_max_cmd_len=1572864
lt_cv_to_host_file_cmd=func_convert_file_noop
lt_cv_to_tool_file_cmd=func_convert_file_noop
lt_cv_truncate_bin='/usr/bin/dd bs=4096 count=1'
pkg_cv_CHECK_CFLAGS='-pthread '
pkg_cv_CHECK_LIBS='-lcheck_pic -lrt -lm -lsubunit '
pkg_cv_SQLITE_CFLAGS=
pkg_cv_SQLITE_LIBS='-lsqlite3 '

## ----------------- ##
## Output variables. ##
## ----------------- ##

ACLOCAL='${SHELL} '\''/home/justgus/Dev/irisOS/missing'\'' aclocal-1.16'
AMDEPBACKSLASH='\'
AMDEP_FALSE='#'
AMDEP_TRUE=''
AMTAR='$${TAR-tar}'
AM_BACKSLASH='\'
AM_DEFAULT_V='$(AM_DEFAULT_VERBOSITY)'
AM_DEFAULT_VERBOSITY='1'
AM_V='$(V)'
AR='ar'
AUTOCONF='${SHELL} '\''/home/justgus/Dev/irisOS/missing'\'' autoconf'
AUTOHEADER='${SHELL} '\''/home/justgus/Dev/irisOS/missing'\'' autoheader'
AUTOMAKE='${SHELL} '\''/home/justgus/Dev/irisOS/missing'\'' automake-1.16'
AWK='mawk'
CC='gcc'
CCDEPMODE='depmode=gcc3'
CFLAGS='-g -O2'
CHECK_CFLAGS='-pthread '
CHECK_LIBS='-lcheck_pic -lrt -lm -lsubunit '
CPPFLAGS=''
CSCOPE='cscope'
CTAGS='ctags'
CXX='g++ -std=c++20'
CXXCPP='g++ -E -std=c++20'
CXXDEPMODE='depmode=gcc3'
CXXFLAGS='-g -O2'
CYGPATH_W='echo'
DEFS='-DHAVE_CONFIG_H'
DEPDIR='.deps'
DLLTOOL='false'
DSYMUTIL=''
DUMPBIN=''
ECHO_C=''
ECHO_N='-n'
ECHO_T=''
EGREP='/usr/bin/grep -E'
ETAGS='etags'
EXEEXT=''
FGREP='/usr/bin/grep -F'
FILECMD='file'
GREP='/usr/bin/grep'
HAVE_CXX20='1'
INSTALL_DATA='${INSTALL} -m 644'
INSTALL_PROGRAM='${INSTALL}'
INSTALL_SCRIPT='${INSTALL}'
INSTALL_STRIP_PROGRAM='$(install_sh) -c -s'
LD='/usr/bin/ld -m elf_x86_64'
LDFLAGS=''
LIBOBJS=''
LIBS=''
LIBTOOL='$(SHELL) $(top_builddir)/libtool'
LIPO=''
LN_S='ln -s'
LTLIBOBJS=''
LT_SYS_LIBRARY_PATH=''
MAKEINFO='${SHELL} '\''/home/justgus/Dev/irisOS/missing'\'' makeinfo'
MANIFEST_TOOL=':'
MKDIR_P='/usr/bin/mkdir -p'
NM='/usr/bin/nm -B'
NMEDIT=''
OBJDUMP='objdump'
OBJEXT='o'
OTOOL64=''
OTOOL=''
PACKAGE='referee'
PACKAGE_BUGREPORT='you@example.com'
PACKAGE_NAME='referee'
PACKAGE_STRING='referee 0.1.0'
PACKAGE_TARNAME='referee'
PACKAGE_URL=''
PACKAGE_VERSION='0.1.0'
PATH_SEPARATOR=':'
PKG_CONFIG='/usr/bin/pkg-config'
PKG_CONFIG_LIBDIR=''
PKG_CONFIG_PATH=''
RANLIB='ranlib'
SED='/usr/bin/sed'
SET_MAKE=''
SHELL='/bin/bash'
SQLITE_CFLAGS=''
SQLITE_LIBS='-lsqlite3 '
STRIP='strip'
VERSION='0.1.0'
ac_ct_AR='ar'
ac_ct_CC='gcc'
ac_ct_CXX='g++'
ac_ct_DUMPBIN=''
am__EXEEXT_FALSE=''
am__EXEEXT_TRUE='#'
am__fastdepCC_FALSE='#'
am__fastdepCC_TRUE=''
am__fastdepCXX_FALSE='#'
am__fastdepCXX_TRUE=''
am__include='include'
am__isrc=''
am__leading_dot='.'
am__nodep='_no'
am__quote=''
am__tar='$${TAR-tar} chof - "$$tardir"'
am__untar='$${TAR-tar} xf -'
bindir='${exec_prefix}/bin'
build='x86_64-pc-linux-gnu'
build_alias=''
build_cpu='x86_64'
build_os='linux-gnu'
build_vendor='pc'
datadir='${datarootdir}'
datarootdir='${prefix}/share'
docdir='${datarootdir}/doc/${PACKAGE_TARNAME}'
dvidir='${docdir}'
exec_prefix='${prefix}'
host='x86_64-pc-linux-gnu'
host_alias=''
host_cpu='x86_64'
host_os='linux-gnu'
host_vendor='pc'
htmldir='${docdir}'
includedir='${prefix}/include'
infodir='${datarootdir}/info'
install_sh='${SHELL} /home/justgus/Dev/irisOS/install-sh'
libdir='${exec_prefix}/lib'
libexecdir='${exec_prefix}/libexec'
localedir='${datarootdir}/locale'
localstatedir='${prefix}/var'
mandir='${datarootdir}/man'
mkdir_p='$(MKDIR_P)'
oldincludedir='/usr/include'
pdfdir='${docdir}'
prefix='/usr/local'
program_transform_name='s,x,x,'
psdir='${docdir}'
runstatedir='${localstatedir}/run'
sbindir='${exec_prefix}/sbin'
sharedstatedir='${prefix}/com'
sysconfdir='${prefix}/etc'
target_alias=''

## ----------- ##
## confdefs.h. ##
## ----------- ##

/* confdefs.h */
#define PACKAGE_NAME "referee"
#define PACKAGE_TARNAME "referee"
#define PACKAGE_VERSION "0.1.0"
#define PACKAGE_STRING "referee 0.1.0"
#define PACKAGE_BUGREPORT "you@example.com"
#define PACKAGE_URL ""
#define PACKAGE "referee"
#define VERSION "0.1.0"
#define HAVE_STDIO_H 1
#define HAVE_STDLIB_H 1
#define HAVE_STRING_H 1
#define HAVE_INTTYPES_H 1
#define HAVE_STDINT_H 1
#define HAVE_STRINGS_H 1
#define HAVE_SYS_STAT_H 1
#define HAVE_SYS_TYPES_H 1
#define HAVE_UNISTD_H 1
#define STDC_HEADERS 1
#define HAVE_DLFCN_H 1
#define LT_OBJDIR ".libs/"
#define HAVE_CXX20 1

configure: exit 0
